<?xml version="1.0" encoding="UTF-8"?>
<testng-results ignored="0" total="5" passed="5" failed="0" skipped="0">
  <reporter-output>
  </reporter-output>
  <suite started-at="2022-06-14T16:21:05 IST" name="Default suite" finished-at="2022-06-14T16:21:15 IST" duration-ms="10674">
    <groups>
    </groups>
    <test started-at="2022-06-14T16:21:05 IST" name="Default test" finished-at="2022-06-14T16:21:15 IST" duration-ms="10674">
      <class name="extentreport.extentreportusingTestNG">
        <test-method is-config="true" signature="launchbrowser()[pri:0, instance:extentreport.extentreportusingTestNG@4097cac]" started-at="2022-06-14T16:21:03 IST" name="launchbrowser" finished-at="2022-06-14T16:21:05 IST" duration-ms="1909" status="PASS">
          <reporter-output>
          </reporter-output>
        </test-method> <!-- launchbrowser -->
        <test-method signature="languages()[pri:1, instance:extentreport.extentreportusingTestNG@4097cac]" started-at="2022-06-14T16:21:05 IST" name="languages" finished-at="2022-06-14T16:21:06 IST" duration-ms="1133" status="PASS">
          <reporter-output>
          </reporter-output>
        </test-method> <!-- languages -->
        <test-method signature="confirm()[pri:2, instance:extentreport.extentreportusingTestNG@4097cac]" started-at="2022-06-14T16:21:06 IST" name="confirm" finished-at="2022-06-14T16:21:08 IST" duration-ms="2039" status="PASS">
          <reporter-output>
          </reporter-output>
        </test-method> <!-- confirm -->
        <test-method signature="deselect()[pri:3, instance:extentreport.extentreportusingTestNG@4097cac]" started-at="2022-06-14T16:21:08 IST" name="deselect" finished-at="2022-06-14T16:21:08 IST" duration-ms="50" status="PASS">
          <reporter-output>
          </reporter-output>
        </test-method> <!-- deselect -->
        <test-method signature="selenium()[pri:4, instance:extentreport.extentreportusingTestNG@4097cac]" started-at="2022-06-14T16:21:08 IST" name="selenium" finished-at="2022-06-14T16:21:09 IST" duration-ms="1045" status="PASS">
          <reporter-output>
          </reporter-output>
        </test-method> <!-- selenium -->
        <test-method signature="alloptions()[pri:5, instance:extentreport.extentreportusingTestNG@4097cac]" started-at="2022-06-14T16:21:09 IST" name="alloptions" finished-at="2022-06-14T16:21:15 IST" duration-ms="6367" status="PASS">
          <reporter-output>
          </reporter-output>
        </test-method> <!-- alloptions -->
        <test-method is-config="true" signature="closebrowser()[pri:0, instance:extentreport.extentreportusingTestNG@4097cac]" started-at="2022-06-14T16:21:15 IST" name="closebrowser" finished-at="2022-06-14T16:21:16 IST" duration-ms="358" status="PASS">
          <reporter-output>
          </reporter-output>
        </test-method> <!-- closebrowser -->
      </class> <!-- extentreport.extentreportusingTestNG -->
    </test> <!-- Default test -->
  </suite> <!-- Default suite -->
</testng-results>
