<?xml version="1.0" encoding="UTF-8"?>
<!-- Generated by org.testng.reporters.JUnitXMLReporter -->
<testsuite ignored="0" hostname="DESKTOP-J7791LE" failures="0" tests="5" name="Default test" time="10.674" errors="0" timestamp="2022-06-14T16:21:15 IST">
  <testcase classname="extentreport.extentreportusingTestNG" name="languages" time="1.133"/>
  <testcase classname="extentreport.extentreportusingTestNG" name="confirm" time="2.039"/>
  <testcase classname="extentreport.extentreportusingTestNG" name="deselect" time="0.05"/>
  <testcase classname="extentreport.extentreportusingTestNG" name="selenium" time="1.045"/>
  <testcase classname="extentreport.extentreportusingTestNG" name="alloptions" time="6.367"/>
</testsuite> <!-- Default test -->
